\BOOKMARK [1][-]{section.1}{Anonymous/Not logged in}{}% 1
\BOOKMARK [2][-]{subsection.1.1}{Register.}{section.1}% 2
\BOOKMARK [2][-]{subsection.1.2}{Do unrestricted quizzes.}{section.1}% 3
\BOOKMARK [2][-]{subsection.1.3}{Change preferred language \(not persistent\)}{section.1}% 4
\BOOKMARK [2][-]{subsection.1.4}{Log in}{section.1}% 5
\BOOKMARK [1][-]{section.2}{Independent}{}% 6
\BOOKMARK [2][-]{subsection.2.1}{Change password}{section.2}% 7
\BOOKMARK [2][-]{subsection.2.2}{Change e-mail address}{section.2}% 8
\BOOKMARK [2][-]{subsection.2.3}{Change preferred language}{section.2}% 9
\BOOKMARK [2][-]{subsection.2.4}{do unrestricted quizzes}{section.2}% 10
\BOOKMARK [2][-]{subsection.2.5}{View results and statistics from quizzes/contests he previously participated in}{section.2}% 11
\BOOKMARK [2][-]{subsection.2.6}{View the classes he has been associated with}{section.2}% 12
\BOOKMARK [2][-]{subsection.2.7}{logout}{section.2}% 13
\BOOKMARK [1][-]{section.3}{Pupil}{}% 14
\BOOKMARK [2][-]{subsection.3.1}{Change password}{section.3}% 15
\BOOKMARK [2][-]{subsection.3.2}{Change e-mail address}{section.3}% 16
\BOOKMARK [2][-]{subsection.3.3}{Change preferred language}{section.3}% 17
\BOOKMARK [2][-]{subsection.3.4}{Do unrestricted quizzes}{section.3}% 18
\BOOKMARK [2][-]{subsection.3.5}{Participate in contests that have been opened for his class by the teacher \(both restricted as official\)}{section.3}% 19
\BOOKMARK [2][-]{subsection.3.6}{View results and statistics from quizzes/contests he previously participated in}{section.3}% 20
\BOOKMARK [2][-]{subsection.3.7}{View the classes he has been associated with and his current class}{section.3}% 21
\BOOKMARK [2][-]{subsection.3.8}{Logout}{section.3}% 22
\BOOKMARK [1][-]{section.4}{Organizers}{}% 23
\BOOKMARK [2][-]{subsection.4.1}{Manage Pupils}{section.4}% 24
\BOOKMARK [3][-]{subsubsection.4.1.1}{Delete Pupils}{subsection.4.1}% 25
\BOOKMARK [3][-]{subsubsection.4.1.2}{Edit Pupils}{subsection.4.1}% 26
\BOOKMARK [3][-]{subsubsection.4.1.3}{Block Pupils}{subsection.4.1}% 27
\BOOKMARK [3][-]{subsubsection.4.1.4}{Mimic Pupils}{subsection.4.1}% 28
\BOOKMARK [2][-]{subsection.4.2}{Manage Teachers}{section.4}% 29
\BOOKMARK [2][-]{subsection.4.3}{Manage ClassGroups}{section.4}% 30
\BOOKMARK [2][-]{subsection.4.4}{Manage Questions}{section.4}% 31
\BOOKMARK [2][-]{subsection.4.5}{Manage Question-sets}{section.4}% 32
\BOOKMARK [2][-]{subsection.4.6}{Manage Competitions}{section.4}% 33
